0 info it worked if it ends with ok
1 verbose cli [ 'node', '/usr/local/bin/npm', 'v' ]
2 info using npm@3.10.5
3 info using node@v0.12.2
4 silly mapToRegistry name Rocket
5 silly mapToRegistry using default registry
6 silly mapToRegistry registry https://registry.npmjs.org/
7 silly mapToRegistry data { raw: 'Rocket',
7 silly mapToRegistry   scope: null,
7 silly mapToRegistry   escapedName: 'Rocket',
7 silly mapToRegistry   name: 'Rocket',
7 silly mapToRegistry   rawSpec: '',
7 silly mapToRegistry   spec: 'latest',
7 silly mapToRegistry   type: 'tag' }
8 silly mapToRegistry uri https://registry.npmjs.org/Rocket
9 verbose request uri https://registry.npmjs.org/Rocket
10 verbose request no auth needed
11 info attempt registry request try #1 at 3:04:32 PM
12 verbose request id f2b3a8be8ee6b2be
13 http request GET https://registry.npmjs.org/Rocket
14 http 404 https://registry.npmjs.org/Rocket
15 verbose headers { 'content-type': 'application/json',
15 verbose headers   'cache-control': 'max-age=0',
15 verbose headers   'content-length': '2',
15 verbose headers   'accept-ranges': 'bytes',
15 verbose headers   date: 'Wed, 20 Jul 2016 19:04:32 GMT',
15 verbose headers   via: '1.1 varnish',
15 verbose headers   age: '0',
15 verbose headers   connection: 'keep-alive',
15 verbose headers   'x-served-by': 'cache-jfk1033-JFK',
15 verbose headers   'x-cache': 'MISS',
15 verbose headers   'x-cache-hits': '0',
15 verbose headers   'x-timer': 'S1469041472.468309,VS0,VE32',
15 verbose headers   vary: 'Accept-Encoding' }
16 silly get cb [ 404,
16 silly get   { 'content-type': 'application/json',
16 silly get     'cache-control': 'max-age=0',
16 silly get     'content-length': '2',
16 silly get     'accept-ranges': 'bytes',
16 silly get     date: 'Wed, 20 Jul 2016 19:04:32 GMT',
16 silly get     via: '1.1 varnish',
16 silly get     age: '0',
16 silly get     connection: 'keep-alive',
16 silly get     'x-served-by': 'cache-jfk1033-JFK',
16 silly get     'x-cache': 'MISS',
16 silly get     'x-cache-hits': '0',
16 silly get     'x-timer': 'S1469041472.468309,VS0,VE32',
16 silly get     vary: 'Accept-Encoding' } ]
17 verbose stack Error: Registry returned 404 for GET on https://registry.npmjs.org/Rocket
17 verbose stack     at makeError (/usr/local/lib/node_modules/npm/node_modules/npm-registry-client/lib/request.js:264:12)
17 verbose stack     at CachingRegistryClient.<anonymous> (/usr/local/lib/node_modules/npm/node_modules/npm-registry-client/lib/request.js:242:14)
17 verbose stack     at Request._callback (/usr/local/lib/node_modules/npm/node_modules/npm-registry-client/lib/request.js:172:14)
17 verbose stack     at Request.self.callback (/usr/local/lib/node_modules/npm/node_modules/request/request.js:200:22)
17 verbose stack     at Request.emit (events.js:110:17)
17 verbose stack     at Request.<anonymous> (/usr/local/lib/node_modules/npm/node_modules/request/request.js:1067:10)
17 verbose stack     at Request.emit (events.js:129:20)
17 verbose stack     at IncomingMessage.<anonymous> (/usr/local/lib/node_modules/npm/node_modules/request/request.js:988:12)
17 verbose stack     at IncomingMessage.emit (events.js:129:20)
17 verbose stack     at _stream_readable.js:908:16
18 verbose statusCode 404
19 verbose pkgid Rocket
20 verbose cwd /Users/designer01/Documents/projects/develop/rocket
21 error Darwin 15.5.0
22 error argv "node" "/usr/local/bin/npm" "v"
23 error node v0.12.2
24 error npm  v3.10.5
25 error code E404
26 error 404 Registry returned 404 for GET on https://registry.npmjs.org/Rocket
27 error 404
28 error 404 'Rocket' is not in the npm registry.
29 error 404 Your package name is not valid, because
30 error 404 1. name can no longer contain capital letters
31 error 404 Note that you can also install from a
32 error 404 tarball, folder, http url, or git url.
33 verbose exit [ 1, true ]
